Starting a Gradle Daemon, 3 incompatible and 4 stopped Daemons could not be reused, use --status for details
./gradlew : 
At line:1 char:1
+ ./gradlew bootRun > 
build.log 2>&1
+ ~~~~~~~~~~~~~~~~~~~~
~~~~~~~~~~~~~~
    + CategoryInfo    
          : NotSpeci  
  fied: (:String) [   
 ], RemoteExceptio    
n
    + FullyQualifiedE 
   rrorId : NativeCo  
  mmandError
 
FAILURE: Build failed 
with an exception.

* What went wrong:
Gradle requires JVM 
17 or later to run. 
Your build is 
currently configured 
to use JVM 8.

* Try:
> Run with 
--stacktrace option 
to get the stack 
trace.
> Run with --info or 
--debug option to get 
more log output.
> Run with --scan to 
generate a Build Scan 
(powered by 
Develocity).
> Get more help at htt
ps://help.gradle.org.
